2019-12-29 20:10:24 DEBUG    로그인 시도
2019-12-29 20:10:24 DEBUG    초기 요청 준비
2019-12-29 20:10:24 DEBUG    요청 실행: kiwoom_CommConnect () {}
2019-12-29 20:10:29 DEBUG    요청 콜백: kiwoom_OnEventConnect (0,) {}
2019-12-29 20:10:29 DEBUG    로그인 성공
2019-12-29 20:10:29 DEBUG    Your accounts:
2019-12-29 20:10:29 DEBUG    8128150811
2019-12-29 20:10:29 DEBUG    RESTful api server started at port 5000
2019-12-29 20:22:28 DEBUG    로그인 시도
2019-12-29 20:22:28 DEBUG    초기 요청 준비
2019-12-29 20:22:28 DEBUG    요청 실행: kiwoom_CommConnect () {}
2019-12-29 20:22:33 DEBUG    요청 콜백: kiwoom_OnEventConnect (0,) {}
2019-12-29 20:22:33 DEBUG    로그인 성공
2019-12-29 20:22:33 DEBUG    Your accounts:
2019-12-29 20:22:33 DEBUG    8128150811
2019-12-29 20:22:33 DEBUG    RESTful api server started at port 5000
2019-12-29 20:22:47 DEBUG    API TEST - Get Request
2019-12-29 20:23:32 DEBUG    로그인 시도
2019-12-29 20:23:32 DEBUG    초기 요청 준비
2019-12-29 20:23:32 DEBUG    요청 실행: kiwoom_CommConnect () {}
2019-12-29 20:23:37 DEBUG    요청 콜백: kiwoom_OnEventConnect (0,) {}
2019-12-29 20:23:37 DEBUG    로그인 성공
2019-12-29 20:23:37 DEBUG    Your accounts:
2019-12-29 20:23:37 DEBUG    8128150811
2019-12-29 20:23:37 DEBUG    RESTful api server started at port 5000
2019-12-29 20:26:54 DEBUG    로그인 시도
2019-12-29 20:26:54 DEBUG    초기 요청 준비
2019-12-29 20:26:54 DEBUG    요청 실행: kiwoom_CommConnect () {}
2019-12-29 20:26:59 DEBUG    요청 콜백: kiwoom_OnEventConnect (0,) {}
2019-12-29 20:26:59 DEBUG    로그인 성공
2019-12-29 20:26:59 DEBUG    Your accounts:
2019-12-29 20:26:59 DEBUG    8128150811
2019-12-29 20:26:59 DEBUG    RESTful api server started at port 5000
2019-12-29 20:27:03 DEBUG    API TEST - Get Request
2019-12-29 20:27:03 DEBUG    Response to client:
2019-12-29 20:27:17 DEBUG    로그인 시도
2019-12-29 20:27:17 DEBUG    초기 요청 준비
2019-12-29 20:27:17 DEBUG    요청 실행: kiwoom_CommConnect () {}
2019-12-29 20:27:21 DEBUG    요청 콜백: kiwoom_OnEventConnect (0,) {}
2019-12-29 20:27:21 DEBUG    로그인 성공
2019-12-29 20:27:21 DEBUG    Your accounts:
2019-12-29 20:27:21 DEBUG    8128150811
2019-12-29 20:27:21 DEBUG    RESTful api server started at port 5000
2019-12-29 20:27:21 DEBUG    API TEST - Get Request
2019-12-29 20:27:21 DEBUG    Response to client:
2019-12-29 20:29:40 DEBUG    로그인 시도
2019-12-29 20:29:40 DEBUG    초기 요청 준비
2019-12-29 20:29:40 DEBUG    요청 실행: kiwoom_CommConnect () {}
2019-12-29 20:29:45 DEBUG    요청 콜백: kiwoom_OnEventConnect (0,) {}
2019-12-29 20:29:45 DEBUG    로그인 성공
2019-12-29 20:29:45 DEBUG    Your accounts:
2019-12-29 20:29:45 DEBUG    8128150811
2019-12-29 20:29:45 DEBUG    RESTful api server started at port 5000
2019-12-29 20:29:49 DEBUG    API TEST - Get Request
2019-12-29 20:29:49 DEBUG    Your accounts:
2019-12-29 20:29:49 DEBUG    8128150811
2019-12-29 20:29:49 DEBUG    Response to client:
2019-12-29 20:31:43 DEBUG    로그인 시도
2019-12-29 20:31:43 DEBUG    초기 요청 준비
2019-12-29 20:31:43 DEBUG    요청 실행: kiwoom_CommConnect () {}
2019-12-29 20:31:47 DEBUG    요청 콜백: kiwoom_OnEventConnect (0,) {}
2019-12-29 20:31:47 DEBUG    로그인 성공
2019-12-29 20:31:47 DEBUG    Your accounts:
2019-12-29 20:31:47 DEBUG    8128150811
2019-12-29 20:31:47 DEBUG    RESTful api server started at port 5000
2019-12-29 20:31:53 DEBUG    API TEST - Get Request
2019-12-29 20:31:53 DEBUG    너의 계좌는 
2019-12-29 20:31:53 DEBUG    8128150811
2019-12-29 20:31:53 DEBUG    Response to client:
2019-12-29 20:36:17 DEBUG    API TEST - Get Request
2019-12-29 20:36:17 DEBUG    너의 계좌는 
2019-12-29 20:36:17 DEBUG    8128150811
2019-12-29 20:36:17 DEBUG    Response to client:
2019-12-29 20:36:20 DEBUG    API TEST - Get Request
2019-12-29 20:36:20 DEBUG    너의 계좌는 
2019-12-29 20:36:20 DEBUG    8128150811
2019-12-29 20:36:20 DEBUG    Response to client:
2019-12-29 20:36:21 DEBUG    API TEST - Get Request
2019-12-29 20:36:21 DEBUG    너의 계좌는 
2019-12-29 20:36:21 DEBUG    8128150811
2019-12-29 20:36:21 DEBUG    Response to client:
2019-12-29 20:45:25 DEBUG    API TEST - Get Request
2019-12-29 20:45:25 DEBUG    너의 계좌는 
2019-12-29 20:45:25 DEBUG    8128150811
2019-12-29 20:45:25 DEBUG    Response to client:
2019-12-29 20:45:26 DEBUG    API TEST - Get Request
2019-12-29 20:45:26 DEBUG    너의 계좌는 
2019-12-29 20:45:26 DEBUG    8128150811
2019-12-29 20:45:26 DEBUG    Response to client:
2019-12-29 20:52:21 DEBUG    로그인 시도
2019-12-29 20:52:21 DEBUG    초기 요청 준비
2019-12-29 20:52:21 DEBUG    요청 실행: kiwoom_CommConnect () {}
2019-12-29 20:52:25 DEBUG    요청 콜백: kiwoom_OnEventConnect (0,) {}
2019-12-29 20:52:25 DEBUG    로그인 성공
2019-12-29 20:52:25 DEBUG    Your accounts:
2019-12-29 20:52:25 DEBUG    8128150811
2019-12-29 20:52:25 DEBUG    RESTful api server started at port 5000
2019-12-29 20:52:27 DEBUG    API TEST - Get Request
2019-12-29 20:52:27 DEBUG    너의 계좌는 
2019-12-29 20:53:49 DEBUG    로그인 시도
2019-12-29 20:53:49 DEBUG    초기 요청 준비
2019-12-29 20:53:49 DEBUG    요청 실행: kiwoom_CommConnect () {}
2019-12-29 20:53:54 DEBUG    요청 콜백: kiwoom_OnEventConnect (0,) {}
2019-12-29 20:53:54 DEBUG    로그인 성공
2019-12-29 20:53:54 DEBUG    Your accounts:
2019-12-29 20:53:54 DEBUG    8128150811
2019-12-29 20:53:54 DEBUG    RESTful api server started at port 5000
2019-12-29 20:54:08 DEBUG    초기 요청 준비
2019-12-29 20:54:08 DEBUG    요청 실행: kiwoom_TR_OPW00001_예수금상세현황요청 () {}
2019-12-29 20:54:51 DEBUG    로그인 시도
2019-12-29 20:54:51 DEBUG    초기 요청 준비
2019-12-29 20:54:51 DEBUG    요청 실행: kiwoom_CommConnect () {}
2019-12-29 20:54:56 DEBUG    요청 콜백: kiwoom_OnEventConnect (0,) {}
2019-12-29 20:54:56 DEBUG    로그인 성공
2019-12-29 20:54:56 DEBUG    Your accounts:
2019-12-29 20:54:56 DEBUG    8128150811
2019-12-29 20:54:56 DEBUG    RESTful api server started at port 5000
2019-12-29 20:54:59 DEBUG    초기 요청 준비
2019-12-29 20:54:59 DEBUG    요청 실행: kiwoom_TR_OPW00001_예수금상세현황요청 ('8128150811',) {}
2019-12-29 20:54:59 DEBUG    주문/잔고: 1234 예수금상세현황요청 opw00001 [00Z310] 모의투자 조회가 완료되었습니다
2019-12-29 20:54:59 DEBUG    요청 콜백: kiwoom_OnReceiveTrData ('1234', '예수금상세현황요청', 'opw00001', '', '', 0, '', '', '') {}
2019-12-29 20:54:59 DEBUG    예수금상세현황요청: 10000000
2019-12-29 20:54:59 DEBUG    예수금상세현황요청
2019-12-29 20:55:00 DEBUG    초기 요청 준비
2019-12-29 20:55:00 DEBUG    요청 실행: kiwoom_TR_OPW00001_예수금상세현황요청 ('8128150811',) {}
2019-12-29 20:55:00 DEBUG    주문/잔고: 1234 예수금상세현황요청 opw00001 [00Z310] 모의투자 조회가 완료되었습니다
2019-12-29 20:55:00 DEBUG    요청 콜백: kiwoom_OnReceiveTrData ('1234', '예수금상세현황요청', 'opw00001', '', '', 0, '', '', '') {}
2019-12-29 20:55:00 DEBUG    예수금상세현황요청: 10000000
2019-12-29 20:55:00 DEBUG    예수금상세현황요청
2019-12-29 20:58:18 DEBUG    로그인 시도
2019-12-29 20:58:18 DEBUG    초기 요청 준비
2019-12-29 20:58:18 DEBUG    요청 실행: kiwoom_CommConnect () {}
2019-12-29 20:58:22 DEBUG    요청 콜백: kiwoom_OnEventConnect (0,) {}
2019-12-29 20:58:22 DEBUG    로그인 성공
2019-12-29 20:58:22 DEBUG    Your accounts:
2019-12-29 20:58:22 DEBUG    8128150811
2019-12-29 20:58:22 DEBUG    RESTful api server started at port 5000
2019-12-29 20:58:31 DEBUG    초기 요청 준비
2019-12-29 20:58:31 DEBUG    요청 실행: kiwoom_TR_OPW00001_예수금상세현황요청 ('8128150811',) {}
2019-12-29 20:58:31 DEBUG    주문/잔고: 1234 예수금상세현황요청 opw00001 [00Z310] 모의투자 조회가 완료되었습니다
2019-12-29 20:58:31 DEBUG    요청 콜백: kiwoom_OnReceiveTrData ('1234', '예수금상세현황요청', 'opw00001', '', '', 0, '', '', '') {}
2019-12-29 20:58:31 DEBUG    예수금상세현황요청: 10000000
2019-12-29 20:58:31 DEBUG    예수금상세현황요청
2019-12-29 20:58:31 DEBUG    {}
2019-12-29 21:00:15 DEBUG    로그인 시도
2019-12-29 21:00:15 DEBUG    초기 요청 준비
2019-12-29 21:00:15 DEBUG    요청 실행: kiwoom_CommConnect () {}
2019-12-29 21:00:19 DEBUG    요청 콜백: kiwoom_OnEventConnect (0,) {}
2019-12-29 21:00:19 DEBUG    로그인 성공
2019-12-29 21:00:19 DEBUG    Your accounts:
2019-12-29 21:00:19 DEBUG    8128150811
2019-12-29 21:00:19 DEBUG    RESTful api server started at port 5000
2019-12-29 21:00:39 DEBUG    초기 요청 준비
2019-12-29 21:00:39 DEBUG    요청 실행: kiwoom_TR_OPW00001_예수금상세현황요청 ('8128150811',) {}
2019-12-29 21:00:39 DEBUG    주문/잔고: 1234 예수금상세현황요청 opw00001 [00Z310] 모의투자 조회가 완료되었습니다
2019-12-29 21:00:39 DEBUG    요청 콜백: kiwoom_OnReceiveTrData ('1234', '예수금상세현황요청', 'opw00001', '', '', 0, '', '', '') {}
2019-12-29 21:00:39 DEBUG    예수금상세현황요청: 10000000
2019-12-29 21:00:39 DEBUG    예수금상세현황요청
2019-12-29 21:00:39 DEBUG    {}
2019-12-29 21:00:44 DEBUG    초기 요청 준비
2019-12-29 21:00:44 DEBUG    요청 실행: kiwoom_TR_OPW00001_예수금상세현황요청 ('8128150811',) {}
2019-12-29 21:00:44 DEBUG    주문/잔고: 1234 예수금상세현황요청 opw00001 [00Z310] 모의투자 조회가 완료되었습니다
2019-12-29 21:00:44 DEBUG    요청 콜백: kiwoom_OnReceiveTrData ('1234', '예수금상세현황요청', 'opw00001', '', '', 0, '', '', '') {}
2019-12-29 21:00:44 DEBUG    예수금상세현황요청: 10000000
2019-12-29 21:00:44 DEBUG    예수금상세현황요청
2019-12-29 21:00:44 DEBUG    {}
2019-12-29 21:01:09 DEBUG    초기 요청 준비
2019-12-29 21:01:09 DEBUG    요청 실행: kiwoom_TR_OPW00001_예수금상세현황요청 ('8128150811',) {}
2019-12-29 21:01:09 DEBUG    주문/잔고: 1234 예수금상세현황요청 opw00001 [00Z310] 모의투자 조회가 완료되었습니다
2019-12-29 21:01:09 DEBUG    요청 콜백: kiwoom_OnReceiveTrData ('1234', '예수금상세현황요청', 'opw00001', '', '', 0, '', '', '') {}
2019-12-29 21:01:09 DEBUG    예수금상세현황요청: 10000000
2019-12-29 21:01:09 DEBUG    예수금상세현황요청
2019-12-29 21:01:09 DEBUG    {}
2019-12-29 21:01:39 DEBUG    초기 요청 준비
2019-12-29 21:01:39 DEBUG    요청 실행: kiwoom_TR_OPW00001_예수금상세현황요청 ('8128150811',) {}
2019-12-29 21:01:39 DEBUG    주문/잔고: 1234 예수금상세현황요청 opw00001 [00Z310] 모의투자 조회가 완료되었습니다
2019-12-29 21:01:39 DEBUG    요청 콜백: kiwoom_OnReceiveTrData ('1234', '예수금상세현황요청', 'opw00001', '', '', 0, '', '', '') {}
2019-12-29 21:01:39 DEBUG    예수금상세현황요청: 10000000
2019-12-29 21:01:39 DEBUG    예수금상세현황요청
2019-12-29 21:01:39 DEBUG    {}
2019-12-29 21:01:45 DEBUG    초기 요청 준비
2019-12-29 21:01:45 DEBUG    요청 실행: kiwoom_TR_OPW00001_예수금상세현황요청 ('8128150811',) {}
2019-12-29 21:01:45 DEBUG    주문/잔고: 1234 예수금상세현황요청 opw00001 [00Z310] 모의투자 조회가 완료되었습니다
2019-12-29 21:01:45 DEBUG    요청 콜백: kiwoom_OnReceiveTrData ('1234', '예수금상세현황요청', 'opw00001', '', '', 0, '', '', '') {}
2019-12-29 21:01:45 DEBUG    예수금상세현황요청: 10000000
2019-12-29 21:01:45 DEBUG    예수금상세현황요청
2019-12-29 21:01:45 DEBUG    {}
2019-12-29 21:02:09 DEBUG    로그인 시도
2019-12-29 21:02:09 DEBUG    초기 요청 준비
2019-12-29 21:02:09 DEBUG    요청 실행: kiwoom_CommConnect () {}
2019-12-29 21:02:14 DEBUG    요청 콜백: kiwoom_OnEventConnect (0,) {}
2019-12-29 21:02:14 DEBUG    로그인 성공
2019-12-29 21:02:14 DEBUG    Your accounts:
2019-12-29 21:02:14 DEBUG    8128150811
2019-12-29 21:02:14 DEBUG    RESTful api server started at port 5000
2019-12-29 21:02:21 DEBUG    초기 요청 준비
2019-12-29 21:02:21 DEBUG    요청 실행: kiwoom_TR_OPW00001_예수금상세현황요청 ('8128150811',) {}
2019-12-29 21:02:21 DEBUG    주문/잔고: 1234 예수금상세현황요청 opw00001 [00Z310] 모의투자 조회가 완료되었습니다
2019-12-29 21:02:21 DEBUG    요청 콜백: kiwoom_OnReceiveTrData ('1234', '예수금상세현황요청', 'opw00001', '', '', 0, '', '', '') {}
2019-12-29 21:02:21 DEBUG    예수금상세현황요청: 10000000
2019-12-29 21:02:21 DEBUG    예수금상세현황요청
2019-12-29 21:02:21 DEBUG    {}
2019-12-29 21:02:51 DEBUG    로그인 시도
2019-12-29 21:02:51 DEBUG    초기 요청 준비
2019-12-29 21:02:51 DEBUG    요청 실행: kiwoom_CommConnect () {}
2019-12-29 21:02:56 DEBUG    요청 콜백: kiwoom_OnEventConnect (0,) {}
2019-12-29 21:02:56 DEBUG    로그인 성공
2019-12-29 21:02:56 DEBUG    Your accounts:
2019-12-29 21:02:56 DEBUG    8128150811
2019-12-29 21:02:56 DEBUG    RESTful api server started at port 5000
2019-12-29 21:03:00 DEBUG    초기 요청 준비
2019-12-29 21:03:00 DEBUG    요청 실행: kiwoom_TR_OPW00001_예수금상세현황요청 ('8128150811',) {}
2019-12-29 21:03:00 DEBUG    주문/잔고: 1234 예수금상세현황요청 opw00001 [00Z310] 모의투자 조회가 완료되었습니다
2019-12-29 21:03:00 DEBUG    요청 콜백: kiwoom_OnReceiveTrData ('1234', '예수금상세현황요청', 'opw00001', '', '', 0, '', '', '') {}
2019-12-29 21:03:00 DEBUG    예수금상세현황요청: 10000000
2019-12-29 21:03:00 DEBUG    예수금상세현황요청
2019-12-29 21:03:00 DEBUG    {}
2019-12-29 21:03:27 DEBUG    로그인 시도
2019-12-29 21:03:27 DEBUG    초기 요청 준비
2019-12-29 21:03:27 DEBUG    요청 실행: kiwoom_CommConnect () {}
2019-12-29 21:03:32 DEBUG    요청 콜백: kiwoom_OnEventConnect (0,) {}
2019-12-29 21:03:32 DEBUG    로그인 성공
2019-12-29 21:03:32 DEBUG    Your accounts:
2019-12-29 21:03:32 DEBUG    8128150811
2019-12-29 21:03:32 DEBUG    RESTful api server started at port 5000
2019-12-29 21:04:20 DEBUG    초기 요청 준비
2019-12-29 21:04:20 DEBUG    요청 실행: kiwoom_TR_OPW00001_예수금상세현황요청 ('8128150811',) {}
2019-12-29 21:04:20 DEBUG    주문/잔고: 1234 예수금상세현황요청 opw00001 [00Z310] 모의투자 조회가 완료되었습니다
2019-12-29 21:04:20 DEBUG    요청 콜백: kiwoom_OnReceiveTrData ('1234', '예수금상세현황요청', 'opw00001', '', '', 0, '', '', '') {}
2019-12-29 21:04:20 DEBUG    예수금상세현황요청: 10000000
2019-12-29 21:04:27 DEBUG    초기 요청 준비
2019-12-29 21:04:27 DEBUG    요청 실행: kiwoom_TR_OPW00001_예수금상세현황요청 ('8128150811',) {}
2019-12-29 21:04:27 DEBUG    주문/잔고: 1234 예수금상세현황요청 opw00001 [00Z310] 모의투자 조회가 완료되었습니다
2019-12-29 21:04:27 DEBUG    요청 콜백: kiwoom_OnReceiveTrData ('1234', '예수금상세현황요청', 'opw00001', '', '', 0, '', '', '') {}
2019-12-29 21:04:27 DEBUG    예수금상세현황요청: 10000000
2019-12-29 21:14:46 DEBUG    초기 요청 준비
2019-12-29 21:14:46 DEBUG    요청 실행: kiwoom_TR_OPW00001_예수금상세현황요청 ('8128150811',) {}
2019-12-29 21:14:46 DEBUG    주문/잔고: 1234 예수금상세현황요청 opw00001 [00Z310] 모의투자 조회가 완료되었습니다
2019-12-29 21:14:46 DEBUG    요청 콜백: kiwoom_OnReceiveTrData ('1234', '예수금상세현황요청', 'opw00001', '', '', 0, '', '', '') {}
2019-12-29 21:14:46 DEBUG    예수금상세현황요청: 10000000
2019-12-29 21:24:10 DEBUG    초기 요청 준비
2019-12-29 21:24:10 DEBUG    요청 실행: kiwoom_TR_OPT10001_주식기본정보요청 ('018260',) {}
2019-12-29 21:24:10 DEBUG    요청 콜백: kiwoom_OnReceiveTrData ('1234', '주식기본정보', 'OPT10001', '', '0', 0, '', '', '') {}
2019-12-29 21:24:10 DEBUG    주식기본정보: 018260, {'종목명': '삼성에스디에스', '현재가': '+195500', '등락율': '+0.51', '거래량': '81480'}
2019-12-29 21:24:10 DEBUG    Response to client:
2019-12-29 21:24:10 DEBUG    {'name': '삼성에스디에스', 'price': 195500, 'volume': 81480}
2019-12-29 21:24:21 DEBUG    초기 요청 준비
2019-12-29 21:24:21 DEBUG    요청 실행: kiwoom_TR_OPT10001_주식기본정보요청 ('018260',) {}
2019-12-29 21:24:21 DEBUG    요청 콜백: kiwoom_OnReceiveTrData ('1234', '주식기본정보', 'OPT10001', '', '0', 0, '', '', '') {}
2019-12-29 21:24:21 DEBUG    주식기본정보: 018260, {'종목명': '삼성에스디에스', '현재가': '+195500', '등락율': '+0.51', '거래량': '81480'}
2019-12-29 21:24:21 DEBUG    Response to client:
2019-12-29 21:24:21 DEBUG    {'name': '삼성에스디에스', 'price': 195500, 'volume': 81480}
2019-12-29 21:29:52 DEBUG    초기 요청 준비
2019-12-29 21:29:52 DEBUG    요청 실행: kiwoom_TR_OPT10001_주식기본정보요청 ('018260',) {}
2019-12-29 21:29:52 DEBUG    요청 콜백: kiwoom_OnReceiveTrData ('1234', '주식기본정보', 'OPT10001', '', '0', 0, '', '', '') {}
2019-12-29 21:29:52 DEBUG    주식기본정보: 018260, {'종목명': '삼성에스디에스', '현재가': '+195500', '등락율': '+0.51', '거래량': '81480'}
2019-12-29 21:29:52 DEBUG    Response to client:
2019-12-29 21:29:52 DEBUG    {'name': '삼성에스디에스', 'price': 195500, 'volume': 81480}
2019-12-29 21:30:41 DEBUG    로그인 시도
2019-12-29 21:30:41 DEBUG    초기 요청 준비
2019-12-29 21:30:41 DEBUG    요청 실행: kiwoom_CommConnect () {}
2019-12-29 21:30:46 DEBUG    요청 콜백: kiwoom_OnEventConnect (0,) {}
2019-12-29 21:30:46 DEBUG    로그인 성공
2019-12-29 21:30:46 DEBUG    Your accounts:
2019-12-29 21:30:46 DEBUG    8128150811
2019-12-29 21:30:46 DEBUG    RESTful api server started at port 5000
2019-12-29 21:30:55 DEBUG    초기 요청 준비
2019-12-29 21:30:55 DEBUG    요청 실행: kiwoom_TR_OPT10001_주식기본정보요청 ('018260',) {}
2019-12-29 21:30:56 DEBUG    요청 콜백: kiwoom_OnReceiveTrData ('1234', '주식기본정보', 'OPT10001', '', '0', 0, '', '', '') {}
2019-12-29 21:30:56 DEBUG    주식기본정보: 018260, {'종목명': '삼성에스디에스', '현재가': '+195500', '등락율': '+0.51', '거래량': '81480'}
2019-12-29 21:35:57 DEBUG    로그인 시도
2019-12-29 21:35:57 DEBUG    초기 요청 준비
2019-12-29 21:35:57 DEBUG    요청 실행: kiwoom_CommConnect () {}
2019-12-29 21:36:02 DEBUG    요청 콜백: kiwoom_OnEventConnect (0,) {}
2019-12-29 21:36:02 DEBUG    로그인 성공
2019-12-29 21:36:02 DEBUG    Your accounts:
2019-12-29 21:36:02 DEBUG    8128150811
2019-12-29 21:36:02 DEBUG    RESTful api server started at port 5000
2019-12-29 21:37:06 DEBUG    로그인 시도
2019-12-29 21:37:06 DEBUG    초기 요청 준비
2019-12-29 21:37:06 DEBUG    요청 실행: kiwoom_CommConnect () {}
2019-12-29 21:37:11 DEBUG    요청 콜백: kiwoom_OnEventConnect (0,) {}
2019-12-29 21:37:11 DEBUG    로그인 성공
2019-12-29 21:37:11 DEBUG    Your accounts:
2019-12-29 21:37:11 DEBUG    8128150811
2019-12-29 21:37:11 DEBUG    RESTful api server started at port 5000
2019-12-29 21:38:25 DEBUG    로그인 시도
2019-12-29 21:38:25 DEBUG    초기 요청 준비
2019-12-29 21:38:25 DEBUG    요청 실행: kiwoom_CommConnect () {}
2019-12-29 21:38:29 DEBUG    요청 콜백: kiwoom_OnEventConnect (0,) {}
2019-12-29 21:38:29 DEBUG    로그인 성공
2019-12-29 21:38:29 DEBUG    Your accounts:
2019-12-29 21:38:29 DEBUG    8128150811
2019-12-29 21:38:29 DEBUG    RESTful api server started at port 5000
2019-12-29 21:38:48 DEBUG    로그인 시도
2019-12-29 21:38:48 DEBUG    초기 요청 준비
2019-12-29 21:38:48 DEBUG    요청 실행: kiwoom_CommConnect () {}
2019-12-29 21:38:53 DEBUG    요청 콜백: kiwoom_OnEventConnect (0,) {}
2019-12-29 21:38:53 DEBUG    로그인 성공
2019-12-29 21:38:53 DEBUG    Your accounts:
2019-12-29 21:38:53 DEBUG    8128150811
2019-12-29 21:38:53 DEBUG    RESTful api server started at port 5000
2019-12-29 21:41:54 DEBUG    로그인 시도
2019-12-29 21:41:54 DEBUG    초기 요청 준비
2019-12-29 21:41:54 DEBUG    요청 실행: kiwoom_CommConnect () {}
2019-12-29 21:41:58 DEBUG    요청 콜백: kiwoom_OnEventConnect (0,) {}
2019-12-29 21:41:58 DEBUG    로그인 성공
2019-12-29 21:41:58 DEBUG    Your accounts:
2019-12-29 21:41:58 DEBUG    8128150811
2019-12-29 21:41:58 DEBUG    RESTful api server started at port 5000
2019-12-29 21:44:02 DEBUG    로그인 시도
2019-12-29 21:44:02 DEBUG    초기 요청 준비
2019-12-29 21:44:02 DEBUG    요청 실행: kiwoom_CommConnect () {}
2019-12-29 21:44:08 DEBUG    요청 콜백: kiwoom_OnEventConnect (0,) {}
2019-12-29 21:44:08 DEBUG    로그인 성공
2019-12-29 21:44:08 DEBUG    Your accounts:
2019-12-29 21:44:08 DEBUG    8128150811
2019-12-29 21:44:08 DEBUG    RESTful api server started at port 5000
2019-12-29 21:44:15 DEBUG    로그인 시도
2019-12-29 21:44:15 DEBUG    초기 요청 준비
2019-12-29 21:44:15 DEBUG    요청 실행: kiwoom_CommConnect () {}
2019-12-29 21:44:20 DEBUG    요청 콜백: kiwoom_OnEventConnect (0,) {}
2019-12-29 21:44:20 DEBUG    로그인 성공
2019-12-29 21:44:20 DEBUG    Your accounts:
2019-12-29 21:44:20 DEBUG    8128150811
2019-12-29 21:44:20 DEBUG    RESTful api server started at port 5000
2019-12-29 21:45:51 DEBUG    로그인 시도
2019-12-29 21:45:51 DEBUG    초기 요청 준비
2019-12-29 21:45:51 DEBUG    요청 실행: kiwoom_CommConnect () {}
2019-12-29 21:45:55 DEBUG    요청 콜백: kiwoom_OnEventConnect (0,) {}
2019-12-29 21:45:55 DEBUG    로그인 성공
2019-12-29 21:45:55 DEBUG    Your accounts:
2019-12-29 21:45:55 DEBUG    8128150811
2019-12-29 21:45:55 DEBUG    RESTful api server started at port 5000
2019-12-29 21:46:00 DEBUG    초기 요청 준비
2019-12-29 21:46:00 DEBUG    요청 실행: kiwoom_TR_OPT10001_주식기본정보요청 ('018260',) {}
2019-12-29 21:46:00 DEBUG    요청 콜백: kiwoom_OnReceiveTrData ('1234', '주식기본정보', 'OPT10001', '', '0', 0, '', '', '') {}
2019-12-29 21:46:00 DEBUG    주식기본정보: 018260, {'종목명': '삼성에스디에스', '현재가': '+195500', '등락율': '+0.51', '거래량': '81480'}
2019-12-29 21:46:02 DEBUG    초기 요청 준비
2019-12-29 21:46:02 DEBUG    요청 실행: kiwoom_TR_OPT10001_주식기본정보요청 ('018260',) {}
2019-12-29 21:46:02 DEBUG    요청 콜백: kiwoom_OnReceiveTrData ('1234', '주식기본정보', 'OPT10001', '', '0', 0, '', '', '') {}
2019-12-29 21:46:02 DEBUG    주식기본정보: 018260, {'종목명': '삼성에스디에스', '현재가': '+195500', '등락율': '+0.51', '거래량': '81480'}
2019-12-29 21:46:35 DEBUG    로그인 시도
2019-12-29 21:46:35 DEBUG    초기 요청 준비
2019-12-29 21:46:35 DEBUG    요청 실행: kiwoom_CommConnect () {}
2019-12-29 21:46:40 DEBUG    요청 콜백: kiwoom_OnEventConnect (0,) {}
2019-12-29 21:46:40 DEBUG    로그인 성공
2019-12-29 21:46:40 DEBUG    Your accounts:
2019-12-29 21:46:40 DEBUG    8128150811
2019-12-29 21:46:40 DEBUG    RESTful api server started at port 5000
2019-12-29 21:46:44 DEBUG    초기 요청 준비
2019-12-29 21:46:44 DEBUG    요청 실행: kiwoom_TR_OPT10001_주식기본정보요청 ('018260',) {}
2019-12-29 21:46:44 DEBUG    요청 콜백: kiwoom_OnReceiveTrData ('1234', '주식기본정보', 'OPT10001', '', '0', 0, '', '', '') {}
2019-12-29 21:46:44 DEBUG    주식기본정보: 018260, {'종목명': '삼성에스디에스', '현재가': '+195500', '등락율': '+0.51', '거래량': '81480'}
2019-12-29 21:46:44 DEBUG    Response to client:
2019-12-29 21:46:44 DEBUG    {'종목명': '삼성에스디에스', '현재가': 195500, '거래량': 81480}
2019-12-29 22:14:09 DEBUG    초기 요청 준비
2019-12-29 22:14:09 DEBUG    요청 실행: kiwoom_TR_OPT10001_주식기본정보요청 ('018260',) {}
2019-12-29 22:14:09 DEBUG    요청 콜백: kiwoom_OnReceiveTrData ('1234', '주식기본정보', 'OPT10001', '', '0', 0, '', '', '') {}
2019-12-29 22:14:09 DEBUG    주식기본정보: 018260, {'종목명': '삼성에스디에스', '현재가': '+195500', '등락율': '+0.51', '거래량': '81480'}
2019-12-29 22:14:09 DEBUG    Response to client:
2019-12-29 22:14:09 DEBUG    {'종목명': '삼성에스디에스', '현재가': 195500, '거래량': 81480}
2019-12-29 22:20:13 DEBUG    로그인 시도
2019-12-29 22:20:13 DEBUG    초기 요청 준비
2019-12-29 22:20:13 DEBUG    요청 실행: kiwoom_CommConnect () {}
2019-12-29 22:20:17 DEBUG    요청 콜백: kiwoom_OnEventConnect (0,) {}
2019-12-29 22:20:17 DEBUG    로그인 성공
2019-12-29 22:20:17 DEBUG    Your accounts:
2019-12-29 22:20:17 DEBUG    8128150811
2019-12-29 22:20:17 DEBUG    RESTful api server started at port 5000
2019-12-29 22:27:55 DEBUG    초기 요청 준비
2019-12-29 22:27:55 DEBUG    요청 실행: kiwoom_TR_OPT10001_주식기본정보요청 ('018260',) {}
2019-12-29 22:27:55 DEBUG    요청 콜백: kiwoom_OnReceiveTrData ('1234', '주식기본정보', 'OPT10001', '', '0', 0, '', '', '') {}
2019-12-29 22:27:55 DEBUG    주식기본정보: 018260, {'종목명': '삼성에스디에스', '현재가': '+195500', '등락율': '+0.51', '거래량': '81480'}
2019-12-29 22:27:55 DEBUG    Response to client:
2019-12-29 22:27:55 DEBUG    {'종목명': '삼성에스디에스', '현재가': 195500, '거래량': 81480}
2019-12-29 22:36:14 DEBUG    초기 요청 준비
2019-12-29 22:36:14 DEBUG    요청 실행: kiwoom_TR_OPW00001_예수금상세현황요청 ('8128150811',) {}
2019-12-29 22:36:14 DEBUG    주문/잔고: 1234 예수금상세현황요청 opw00001 [00Z310] 모의투자 조회가 완료되었습니다
2019-12-29 22:36:14 DEBUG    요청 콜백: kiwoom_OnReceiveTrData ('1234', '예수금상세현황요청', 'opw00001', '', '0', 0, '', '', '') {}
2019-12-29 22:36:14 DEBUG    예수금상세현황요청: 10000000
2019-12-29 22:36:16 DEBUG    초기 요청 준비
2019-12-29 22:36:16 DEBUG    요청 실행: kiwoom_TR_OPW00001_예수금상세현황요청 ('8128150811',) {}
2019-12-29 22:36:16 DEBUG    주문/잔고: 1234 예수금상세현황요청 opw00001 [00Z310] 모의투자 조회가 완료되었습니다
2019-12-29 22:36:16 DEBUG    요청 콜백: kiwoom_OnReceiveTrData ('1234', '예수금상세현황요청', 'opw00001', '', '0', 0, '', '', '') {}
2019-12-29 22:36:16 DEBUG    예수금상세현황요청: 10000000
2019-12-29 22:36:17 DEBUG    초기 요청 준비
2019-12-29 22:36:17 DEBUG    요청 실행: kiwoom_TR_OPW00001_예수금상세현황요청 ('8128150811',) {}
2019-12-29 22:36:17 DEBUG    주문/잔고: 1234 예수금상세현황요청 opw00001 [00Z310] 모의투자 조회가 완료되었습니다
2019-12-29 22:36:17 DEBUG    요청 콜백: kiwoom_OnReceiveTrData ('1234', '예수금상세현황요청', 'opw00001', '', '0', 0, '', '', '') {}
2019-12-29 22:36:17 DEBUG    예수금상세현황요청: 10000000
2019-12-29 22:38:10 DEBUG    초기 요청 준비
2019-12-29 22:38:10 DEBUG    요청 실행: kiwoom_TR_OPT10001_주식기본정보요청 ('018260',) {}
2019-12-29 22:38:10 DEBUG    요청 콜백: kiwoom_OnReceiveTrData ('1234', '주식기본정보', 'OPT10001', '', '0', 0, '', '', '') {}
2019-12-29 22:38:10 DEBUG    주식기본정보: 018260, {'종목명': '삼성에스디에스', '현재가': '+195500', '등락율': '+0.51', '거래량': '81480'}
2019-12-29 22:38:10 DEBUG    Response to client:
2019-12-29 22:38:10 DEBUG    {'종목명': '삼성에스디에스', '현재가': 195500, '거래량': 81480}
